#
# A fatal error has been detected by the Java Runtime Environment:
#
#  EXCEPTION_ACCESS_VIOLATION (0xc0000005) at pc=0x000007fefa85518a, pid=3436, tid=0x0000000000000eb4
#
# JRE version: Java(TM) SE Runtime Environment (8.0_181-b13) (build 1.8.0_181-b13)
# Java VM: Java HotSpot(TM) 64-Bit Server VM (25.181-b13 mixed mode windows-amd64 compressed oops)
# Problematic frame:
# C  0x000007fefa85518a
#
# Failed to write core dump. Minidumps are not enabled by default on client versions of Windows
#
# If you would like to submit a bug report, please visit:
#   http://bugreport.java.com/bugreport/crash.jsp
# The crash happened outside the Java Virtual Machine in native code.
# See problematic frame for where to report the bug.
#

---------------  T H R E A D  ---------------

Current thread (0x000000007cae4000):  JavaThread "AWT-EventQueue-0-SharedResourceRunner" daemon [_thread_in_native, id=3764, stack(0x0000000184020000,0x0000000188020000)]

siginfo: ExceptionCode=0xc0000005, reading address 0x000000007ea58ac0

Registers:
RAX=0x000000007ea58ac0, RBX=0x0000000000010000, RCX=0x0000000000000000, RDX=0x00000000f97ef9b4
RSP=0x000000018801f070, RBP=0x0000000000000150, RSI=0x000007fefa920f60, RDI=0x00000000489fb4e0
R8 =0x00000000f97ef3b8, R9 =0x000000007ea58ac0, R10=0x0000000000000000, R11=0x000000017d3f1490
R12=0x0000000000000000, R13=0x000000018801f0e0, R14=0x0000000000000eb4, R15=0x000007fefa9204d0
RIP=0x000007fefa85518a, EFLAGS=0x0000000000010206

Top of Stack: (sp=0x000000018801f070)
0x000000018801f070:   0000000000010000 0000000000010000
0x000000018801f080:   0000000000000007 0000000000000003
0x000000018801f090:   000000007cae4000 00000000f964f320
0x000000018801f0a0:   0000000000000007 0000000000010000
0x000000018801f0b0:   0000000000000003 000007fefa855604
0x000000018801f0c0:   ffffffffb90101a7 0000000000000000
0x000000018801f0d0:   000000018801f228 00000000244f3dc0
0x000000018801f0e0:   0000000000000001 00000000000302ac
0x000000018801f0f0:   ffffffffb90101a7 0000000000000000
0x000000018801f100:   0000000018c10000 0000000080007e70
0x000000018801f110:   000000018801f1e0 00000000f8a5396e
0x000000018801f120:   00000000f964f320 000000007cae4000
0x000000018801f130:   00000000f964f320 0000000018c10000
0x000000018801f140:   000000018801f8c8 0000000080016827
0x000000018801f150:   0000000018c10000 0000000080007e70
0x000000018801f160:   0000000080007e70 000000008001655d 

Instructions: (pc=0x000007fefa85518a)
0x000007fefa85516a:   eb 4b 48 8b 47 20 49 8b 4d 10 4c 8d 05 f5 fb ff
0x000007fefa85517a:   ff ff 50 20 4c 8b c8 48 85 c0 0f 84 32 ff ff ff
0x000007fefa85518a:   8b 00 3d 32 01 00 00 74 1d 3b c5 74 19 48 8b 47
0x000007fefa85519a:   20 8b 0f ff 50 28 b9 d1 07 00 00 ff 15 65 c1 fd 


Register to memory mapping:

RAX=0x000000007ea58ac0 is an unknown value
RBX=0x0000000000010000 is an unknown value
RCX=0x0000000000000000 is an unknown value
RDX=0x00000000f97ef9b4 is an unknown value
RSP=0x000000018801f070 is pointing into the stack for thread: 0x000000007cae4000
RBP=0x0000000000000150 is an unknown value
RSI=0x000007fefa920f60 is an unknown value
RDI=0x00000000489fb4e0 is an unknown value
R8 =0x00000000f97ef3b8 is an unknown value
R9 =0x000000007ea58ac0 is an unknown value
R10=0x0000000000000000 is an unknown value
R11=0x000000017d3f1490 is an unknown value
R12=0x0000000000000000 is an unknown value
R13=0x000000018801f0e0 is pointing into the stack for thread: 0x000000007cae4000
R14=0x0000000000000eb4 is an unknown value
R15=0x000007fefa9204d0 is an unknown value


Stack: [0x0000000184020000,0x0000000188020000],  sp=0x000000018801f070,  free space=65532k
Native frames: (J=compiled Java code, j=interpreted, Vv=VM code, C=native code)
C  0x000007fefa85518a
C  0x000007fefa855604
C  0x00000000f8a5396e
C  0x0000000080016827

Java frames: (J=compiled Java code, j=interpreted, Vv=VM code)
j  jogamp.opengl.windows.wgl.WGL.dispatch_wglMakeCurrent0(JJJ)Z+0
j  jogamp.opengl.windows.wgl.WGL.wglMakeCurrent(JJ)Z+41
j  jogamp.opengl.windows.wgl.WindowsWGLContext.createImpl(J)Z+519
j  jogamp.opengl.GLContextImpl.makeCurrentWithinLock(I)I+224
j  jogamp.opengl.GLContextImpl.makeCurrent(Z)I+488
j  jogamp.opengl.GLContextImpl.makeCurrent()I+2
j  jogamp.opengl.windows.wgl.WindowsWGLDrawableFactory$SharedResourceImplementation.createSharedResource(Lcom/jogamp/nativewindow/AbstractGraphicsDevice;)Ljogamp/opengl/SharedResourceRunner$Resource;+172
j  jogamp.opengl.SharedResourceRunner.run()V+267
j  java.lang.Thread.run()V+11
v  ~StubRoutines::call_stub

---------------  P R O C E S S  ---------------

Java Threads: ( => current thread )
=>0x000000007cae4000 JavaThread "AWT-EventQueue-0-SharedResourceRunner" daemon [_thread_in_native, id=3764, stack(0x0000000184020000,0x0000000188020000)]
  0x000000007cae3800 JavaThread "SettingsPeerModelSynchronizer" daemon [_thread_blocked, id=4632, stack(0x000000023c020000,0x0000000240020000)]
  0x000000007cae2800 JavaThread "Browser Events Thread" daemon [_thread_blocked, id=1332, stack(0x000000025c020000,0x0000000260020000)]
  0x000000007cae2000 JavaThread "Swing WidgetView Resize Task Executor" daemon [_thread_blocked, id=4880, stack(0x0000000258020000,0x000000025c020000)]
  0x000000007cae1000 JavaThread "Browser Events Thread" daemon [_thread_blocked, id=5024, stack(0x0000000228020000,0x000000022c020000)]
  0x000000007cae0800 JavaThread "Browser Events Thread" daemon [_thread_blocked, id=5052, stack(0x0000000224020000,0x0000000228020000)]
  0x000000007cadf800 JavaThread "Socket Writer" daemon [_thread_blocked, id=4228, stack(0x0000000220020000,0x0000000224020000)]
  0x000000007cade800 JavaThread "Socket Reader" daemon [_thread_in_native, id=5076, stack(0x0000000218020000,0x000000021c020000)]
  0x000000007cade000 JavaThread "Socket Writer" daemon [_thread_blocked, id=5060, stack(0x0000000214020000,0x0000000218020000)]
  0x0000000071ccd800 JavaThread "Socket Reader" daemon [_thread_in_native, id=5012, stack(0x0000000210020000,0x0000000214020000)]
  0x00000000687a3000 JavaThread "CachedLightweightBrowserFactory" daemon [_thread_blocked, id=4268, stack(0x000000020c020000,0x0000000210020000)]
  0x0000000071aa1800 JavaThread "Swing WidgetView Resize Task Executor" daemon [_thread_blocked, id=4964, stack(0x0000000208020000,0x000000020c020000)]
  0x000000007c666800 JavaThread "Browser Events Thread" daemon [_thread_blocked, id=4976, stack(0x00000001cc020000,0x00000001d0020000)]
  0x00000000687a1800 JavaThread "Installation Observer" daemon [_thread_blocked, id=4968, stack(0x00000001fc020000,0x0000000200020000)]
  0x0000000071aa3000 JavaThread "Browser Events Thread" daemon [_thread_blocked, id=4960, stack(0x00000001e8020000,0x00000001ec020000)]
  0x0000000071aa4000 JavaThread "Socket Writer" daemon [_thread_blocked, id=2152, stack(0x00000001b8020000,0x00000001bc020000)]
  0x0000000071aa2800 JavaThread "Socket Reader" daemon [_thread_in_native, id=4700, stack(0x0000000188020000,0x000000018c020000)]
  0x0000000071cce800 JavaThread "Socket Writer" daemon [_thread_blocked, id=4908, stack(0x0000000204020000,0x0000000208020000)]
  0x0000000071cc9000 JavaThread "Socket Reader" daemon [_thread_in_native, id=1148, stack(0x0000000200020000,0x0000000204020000)]
  0x0000000071ccc000 JavaThread "Socket Writer" daemon [_thread_blocked, id=3168, stack(0x00000001f8020000,0x00000001fc020000)]
  0x0000000071ccd000 JavaThread "Socket Reader" daemon [_thread_in_native, id=1140, stack(0x00000001f4020000,0x00000001f8020000)]
  0x000000007c666000 JavaThread "Chromium Process Logger" daemon [_thread_in_native, id=4672, stack(0x00000001e0020000,0x00000001e4020000)]
  0x000000007c663800 JavaThread "IPC Process Thread" daemon [_thread_in_native, id=1184, stack(0x00000001dc020000,0x00000001e0020000)]
  0x000000007c662000 JavaThread "IPC Server Thread" daemon [_thread_in_native, id=3220, stack(0x00000001d8020000,0x00000001dc020000)]
  0x0000000071cc8800 JavaThread "com.mathworks.addons_common.notificationframework.InstalledFolderRegistryObservers" daemon [_thread_blocked, id=268, stack(0x000000021c020000,0x0000000220020000)]
  0x0000000071ccb800 JavaThread "Toolbox Management" daemon [_thread_blocked, id=4608, stack(0x0000000234020000,0x0000000238020000)]
  0x0000000071cca800 JavaThread "ZIPs in Add-Ons" daemon [_thread_blocked, id=4628, stack(0x0000000230020000,0x0000000234020000)]
  0x0000000071cca000 JavaThread "Apps in Add-Ons" daemon [_thread_blocked, id=3364, stack(0x000000022c020000,0x0000000230020000)]
  0x000000007c669000 JavaThread "com.mathworks.addons_common.notificationframework.InstalledAddOnsCache" daemon [_thread_blocked, id=4544, stack(0x00000001c8020000,0x00000001cc020000)]
  0x000000007c668000 JavaThread "ConnectorFactory" daemon [_thread_blocked, id=3724, stack(0x00000001c0020000,0x00000001c4020000)]
  0x000000007c667800 JavaThread "LiveEditorClientFactory" daemon [_thread_blocked, id=5036, stack(0x00000001ac020000,0x00000001b0020000)]
  0x000000007c664800 JavaThread "StartupClassLoader Timer" daemon [_thread_blocked, id=3004, stack(0x000000018c020000,0x0000000190020000)]
  0x000000007c665000 JavaThread "MultiThreadedHttpConnectionManager cleanup" daemon [_thread_blocked, id=3760, stack(0x00000001b0020000,0x00000001b4020000)]
  0x000000007c5ad800 JavaThread "Source Control Thread" daemon [_thread_blocked, id=3980, stack(0x0000000120100000,0x0000000124100000)]
  0x0000000071aa4800 JavaThread "Thread-7" daemon [_thread_blocked, id=4796, stack(0x000000019c020000,0x00000001a0020000)]
  0x000000007c5ad000 JavaThread "Code Analyzer updating thread" daemon [_thread_blocked, id=5080, stack(0x0000000180020000,0x0000000184020000)]
  0x000000007c5ac000 JavaThread "Code Analyzer updating thread" daemon [_thread_blocked, id=4612, stack(0x0000000178030000,0x000000017c030000)]
  0x000000007c5ab800 JavaThread "Code Analyzer updating thread" daemon [_thread_blocked, id=2488, stack(0x0000000174030000,0x0000000178030000)]
  0x000000007c5aa800 JavaThread "Code Analyzer updating thread" daemon [_thread_blocked, id=2332, stack(0x0000000170030000,0x0000000174030000)]
  0x0000000071abe800 JavaThread "Code Analyzer updating thread" daemon [_thread_blocked, id=1248, stack(0x000000016c030000,0x0000000170030000)]
  0x000000002b2f8000 JavaThread "Code Analyzer updating thread" daemon [_thread_blocked, id=4740, stack(0x0000000128100000,0x000000012c100000)]
  0x0000000071abe000 JavaThread "Code Analyzer updating thread" daemon [_thread_blocked, id=4956, stack(0x0000000168030000,0x000000016c030000)]
  0x0000000071abd000 JavaThread "Code Analyzer updating thread" daemon [_thread_blocked, id=2432, stack(0x0000000164030000,0x0000000168030000)]
  0x0000000071abc800 JavaThread "Code Analyzer updating thread" daemon [_thread_blocked, id=2572, stack(0x0000000160030000,0x0000000164030000)]
  0x0000000071abb800 JavaThread "Code Analyzer updating thread" daemon [_thread_blocked, id=3616, stack(0x000000015c030000,0x0000000160030000)]
  0x00000000689c7000 JavaThread "Code Analyzer updating thread" daemon [_thread_blocked, id=4472, stack(0x0000000158030000,0x000000015c030000)]
  0x00000000689c6800 JavaThread "Code Analyzer updating thread" daemon [_thread_blocked, id=4916, stack(0x0000000154030000,0x0000000158030000)]
  0x00000000689c5800 JavaThread "Code Analyzer updating thread" daemon [_thread_blocked, id=4244, stack(0x0000000150030000,0x0000000154030000)]
  0x00000000689c5000 JavaThread "Code Analyzer updating thread" daemon [_thread_blocked, id=3152, stack(0x000000014c030000,0x0000000150030000)]
  0x00000000689c4000 JavaThread "Code Analyzer updating thread" daemon [_thread_blocked, id=3376, stack(0x0000000148030000,0x000000014c030000)]
  0x00000000689c3800 JavaThread "Code Analyzer updating thread" daemon [_thread_blocked, id=4872, stack(0x0000000144030000,0x0000000148030000)]
  0x00000000689c2800 JavaThread "Code Analyzer updating thread" daemon [_thread_blocked, id=600, stack(0x0000000140030000,0x0000000144030000)]
  0x00000000689c2000 JavaThread "Code Analyzer updating thread" daemon [_thread_blocked, id=844, stack(0x0000000138100000,0x000000013c100000)]
  0x00000000689c1000 JavaThread "Code Analyzer updating thread" daemon [_thread_blocked, id=4356, stack(0x0000000134100000,0x0000000138100000)]
  0x00000000689c0800 JavaThread "Code Analyzer updating thread" daemon [_thread_blocked, id=4144, stack(0x0000000130100000,0x0000000134100000)]
  0x00000000687a6000 JavaThread "Code Analyzer updating thread" daemon [_thread_blocked, id=400, stack(0x000000012c100000,0x0000000130100000)]
  0x000000002b2f3800 JavaThread "Code Analyzer updating thread" daemon [_thread_blocked, id=4816, stack(0x0000000124100000,0x0000000128100000)]
  0x00000000687a5800 JavaThread "Active Reference Queue Daemon" daemon [_thread_blocked, id=4844, stack(0x0000000009820000,0x000000000d820000)]
  0x00000000687a4800 JavaThread "Timer-0" daemon [_thread_blocked, id=4852, stack(0x00000000f24d0000,0x00000000f64d0000)]
  0x00000000687a4000 JavaThread "History Command Saver" daemon [_thread_blocked, id=4876, stack(0x00000000e63e0000,0x00000000ea3e0000)]
  0x000000002b2f7000 JavaThread "ClipboardMonitor Timer" daemon [_thread_blocked, id=2728, stack(0x00000000cf000000,0x00000000d3000000)]
  0x000000002b2f6800 JavaThread "CFB Source Control Executor" daemon [_thread_blocked, id=4476, stack(0x0000000100100000,0x0000000104100000)]
  0x00000000687a2800 JavaThread "Explorer NavigationContext request queue" daemon [_thread_blocked, id=4352, stack(0x000000011c100000,0x0000000120100000)]
  0x00000000687a1000 JavaThread "CFB Settings" daemon [_thread_blocked, id=3424, stack(0x0000000114100000,0x0000000118100000)]
  0x00000000687a0000 JavaThread "CFB Settings" daemon [_thread_blocked, id=4124, stack(0x0000000110100000,0x0000000114100000)]
  0x000000006879f000 JavaThread "AddressBar directory emptiness poller" daemon [_thread_blocked, id=3352, stack(0x000000010c100000,0x0000000110100000)]
  0x000000002b2fa000 JavaThread "Explorer Refresh Service 112215104" daemon [_thread_blocked, id=3828, stack(0x0000000108100000,0x000000010c100000)]
  0x000000002b2f9800 JavaThread "EventMgr Dispatcher" daemon [_thread_in_native, id=4656, stack(0x00000000ee4d0000,0x00000000f24d0000)]
  0x000000002b2f8800 JavaThread "TimerQueue" daemon [_thread_blocked, id=4784, stack(0x0000000104100000,0x0000000108100000)]
  0x000000002b2f4000 JavaThread "AWT-EventQueue-0" [_thread_blocked, id=4240, stack(0x00000000db000000,0x00000000df000000)]
  0x000000002b2f5000 JavaThread "AWT-Shutdown" [_thread_blocked, id=3896, stack(0x00000000d7000000,0x00000000db000000)]
  0x000000002b2f5800 JavaThread "Thread-3" daemon [_thread_blocked, id=2624, stack(0x00000000df000000,0x00000000e3000000)]
  0x0000000068c13000 JavaThread "AWT-Windows" daemon [_thread_in_native, id=2348, stack(0x00000000cb000000,0x00000000cf000000)]
  0x0000000068bb4000 JavaThread "Java2D Disposer" daemon [_thread_blocked, id=2908, stack(0x00000000c3000000,0x00000000c7000000)]
  0x000000002b51e000 JavaThread "pool-1-thread-1" daemon [_thread_blocked, id=1640, stack(0x00000000bf000000,0x00000000c3000000)]
  0x000000002b255000 JavaThread "Settings Releaser" daemon [_thread_blocked, id=2412, stack(0x00000000bb000000,0x00000000bf000000)]
  0x0000000025118800 JavaThread "EventMgr Dispatcher" daemon [_thread_in_native, id=184, stack(0x000000002bcb0000,0x000000002fcb0000)]
  0x00000000246ab000 JavaThread "MatlabKeepAlive Timer" daemon [_thread_blocked, id=4012, stack(0x00000000b7000000,0x00000000bb000000)]
  0x0000000024523800 JavaThread "Service Thread" daemon [_thread_blocked, id=3556, stack(0x00000000af000000,0x00000000b3000000)]
  0x000000001cec0000 JavaThread "C1 CompilerThread2" daemon [_thread_blocked, id=3520, stack(0x00000000ab000000,0x00000000af000000)]
  0x000000001cebf000 JavaThread "C2 CompilerThread1" daemon [_thread_blocked, id=508, stack(0x00000000a7000000,0x00000000ab000000)]
  0x000000001cebc000 JavaThread "C2 CompilerThread0" daemon [_thread_blocked, id=3568, stack(0x00000000a3000000,0x00000000a7000000)]
  0x000000001ceb8000 JavaThread "Attach Listener" daemon [_thread_blocked, id=4484, stack(0x000000009f000000,0x00000000a3000000)]
  0x000000001cea6000 JavaThread "Finalizer" daemon [_thread_blocked, id=3640, stack(0x000000009b000000,0x000000009f000000)]
  0x000000001ce9b000 JavaThread "Reference Handler" daemon [_thread_blocked, id=352, stack(0x0000000097000000,0x000000009b000000)]
  0x000000003f47f800 JavaThread "main" [_thread_blocked, id=3392, stack(0x0000000000030000,0x0000000004030000)]

Other Threads:
  0x000000001ce73800 VMThread [stack: 0x0000000093000000,0x0000000097000000] [id=692]
  0x000000002452f800 WatcherThread [stack: 0x00000000b3000000,0x00000000b7000000] [id=3484]

VM state:not at safepoint (normal execution)

VM Mutex/Monitor currently owned by a thread: None

Heap:
 PSYoungGen      total 92672K, used 62490K [0x00000007b4000000, 0x00000007ba900000, 0x00000007c0000000)
  eden space 79872K, 66% used [0x00000007b4000000,0x00000007b7408868,0x00000007b8e00000)
  from space 12800K, 71% used [0x00000007b9c80000,0x00000007ba57dfb8,0x00000007ba900000)
  to   space 13824K, 0% used [0x00000007b8e00000,0x00000007b8e00000,0x00000007b9b80000)
 ParOldGen       total 91648K, used 71406K [0x0000000790000000, 0x0000000795980000, 0x00000007b4000000)
  object space 91648K, 77% used [0x0000000790000000,0x00000007945bb850,0x0000000795980000)
 Metaspace       used 90109K, capacity 90868K, committed 91304K, reserved 1126400K
  class space    used 13240K, capacity 13441K, committed 13480K, reserved 1048576K

Card table byte_map: [0x000000001c890000,0x000000001ca20000] byte_map_base: 0x0000000018c10000

Marking Bits: (ParMarkBitMap*) 0x00000000749f2d00
 Begin Bits: [0x0000000021710000, 0x0000000022310000)
 End Bits:   [0x0000000022310000, 0x0000000022f10000)

Polling page: 0x000000001c4a0000

CodeCache: size=245760Kb used=29823Kb max_used=29835Kb free=215936Kb
 bounds [0x0000000080000000, 0x0000000081d60000, 0x000000008f000000]
 total_blobs=10234 nmethods=9127 adapters=1016
 compilation: enabled

Compilation events (10 events):
Event: 632.308 Thread 0x000000001cec0000 11125   !   3       com.mathworks.jmi.AWTUtilities$Latch::defaultWaitFcn (53 bytes)
Event: 632.309 Thread 0x000000001cec0000 nmethod 11125 0x0000000081d4a810 code [0x0000000081d4a9a0, 0x0000000081d4aff8]
Event: 632.337 Thread 0x000000001cec0000 11126       3       com.mathworks.jmi.NativeMatlab::processSynchronousSystemEvents (20 bytes)
Event: 632.338 Thread 0x000000001cec0000 nmethod 11126 0x0000000081d4a1d0 code [0x0000000081d4a360, 0x0000000081d4a688]
Event: 632.667 Thread 0x000000001cebc000 11128       4       java.util.HashSet::size (8 bytes)
Event: 632.668 Thread 0x000000001cebc000 nmethod 11128 0x0000000081d516d0 code [0x0000000081d51800, 0x0000000081d51878]
Event: 633.629 Thread 0x000000001cec0000 11129   !   3       com.mathworks.jmi.AWTUtilities$MatlabLatch::safeWait (40 bytes)
Event: 633.631 Thread 0x000000001cec0000 nmethod 11129 0x0000000081d50310 code [0x0000000081d50540, 0x0000000081d51198]
Event: 636.205 Thread 0x000000001cebf000 11130   !   4       com.mathworks.jmi.AWTUtilities$Latch::isLatched (18 bytes)
Event: 636.207 Thread 0x000000001cebf000 nmethod 11130 0x0000000081d54750 code [0x0000000081d548a0, 0x0000000081d54ad8]

GC Heap History (10 events):
Event: 305.133 GC heap before
{Heap before GC invocations=66 (full 4):
 PSYoungGen      total 77312K, used 72213K [0x00000007b4000000, 0x00000007b9c00000, 0x00000007c0000000)
  eden space 66048K, 100% used [0x00000007b4000000,0x00000007b8080000,0x00000007b8080000)
  from space 11264K, 54% used [0x00000007b8080000,0x00000007b8685568,0x00000007b8b80000)
  to   space 11264K, 0% used [0x00000007b9100000,0x00000007b9100000,0x00000007b9c00000)
 ParOldGen       total 91648K, used 71366K [0x0000000790000000, 0x0000000795980000, 0x00000007b4000000)
  object space 91648K, 77% used [0x0000000790000000,0x00000007945b1850,0x0000000795980000)
 Metaspace       used 78001K, capacity 78724K, committed 79144K, reserved 1116160K
  class space    used 11530K, capacity 11693K, committed 11816K, reserved 1048576K
Event: 305.145 GC heap after
Heap after GC invocations=66 (full 4):
 PSYoungGen      total 81920K, used 6156K [0x00000007b4000000, 0x00000007b9b80000, 0x00000007c0000000)
  eden space 71168K, 0% used [0x00000007b4000000,0x00000007b4000000,0x00000007b8580000)
  from space 10752K, 57% used [0x00000007b9100000,0x00000007b9703070,0x00000007b9b80000)
  to   space 11264K, 0% used [0x00000007b8580000,0x00000007b8580000,0x00000007b9080000)
 ParOldGen       total 91648K, used 71374K [0x0000000790000000, 0x0000000795980000, 0x00000007b4000000)
  object space 91648K, 77% used [0x0000000790000000,0x00000007945b3850,0x0000000795980000)
 Metaspace       used 78001K, capacity 78724K, committed 79144K, reserved 1116160K
  class space    used 11530K, capacity 11693K, committed 11816K, reserved 1048576K
}
Event: 308.437 GC heap before
{Heap before GC invocations=67 (full 4):
 PSYoungGen      total 81920K, used 77251K [0x00000007b4000000, 0x00000007b9b80000, 0x00000007c0000000)
  eden space 71168K, 99% used [0x00000007b4000000,0x00000007b856dea0,0x00000007b8580000)
  from space 10752K, 57% used [0x00000007b9100000,0x00000007b9703070,0x00000007b9b80000)
  to   space 11264K, 0% used [0x00000007b8580000,0x00000007b8580000,0x00000007b9080000)
 ParOldGen       total 91648K, used 71374K [0x0000000790000000, 0x0000000795980000, 0x00000007b4000000)
  object space 91648K, 77% used [0x0000000790000000,0x00000007945b3850,0x0000000795980000)
 Metaspace       used 81214K, capacity 81924K, committed 82472K, reserved 1120256K
  class space    used 12026K, capacity 12205K, committed 12328K, reserved 1048576K
Event: 308.453 GC heap after
Heap after GC invocations=67 (full 4):
 PSYoungGen      total 82432K, used 9815K [0x00000007b4000000, 0x00000007ba300000, 0x00000007c0000000)
  eden space 71168K, 0% used [0x00000007b4000000,0x00000007b4000000,0x00000007b8580000)
  from space 11264K, 87% used [0x00000007b8580000,0x00000007b8f15e78,0x00000007b9080000)
  to   space 12288K, 0% used [0x00000007b9700000,0x00000007b9700000,0x00000007ba300000)
 ParOldGen       total 91648K, used 71382K [0x0000000790000000, 0x0000000795980000, 0x00000007b4000000)
  object space 91648K, 77% used [0x0000000790000000,0x00000007945b5850,0x0000000795980000)
 Metaspace       used 81214K, capacity 81924K, committed 82472K, reserved 1120256K
  class space    used 12026K, capacity 12205K, committed 12328K, reserved 1048576K
}
Event: 312.864 GC heap before
{Heap before GC invocations=68 (full 4):
 PSYoungGen      total 82432K, used 80983K [0x00000007b4000000, 0x00000007ba300000, 0x00000007c0000000)
  eden space 71168K, 100% used [0x00000007b4000000,0x00000007b8580000,0x00000007b8580000)
  from space 11264K, 87% used [0x00000007b8580000,0x00000007b8f15e78,0x00000007b9080000)
  to   space 12288K, 0% used [0x00000007b9700000,0x00000007b9700000,0x00000007ba300000)
 ParOldGen       total 91648K, used 71382K [0x0000000790000000, 0x0000000795980000, 0x00000007b4000000)
  object space 91648K, 77% used [0x0000000790000000,0x00000007945b5850,0x0000000795980000)
 Metaspace       used 83972K, capacity 84656K, committed 85032K, reserved 1122304K
  class space    used 12662K, capacity 12815K, committed 12840K, reserved 1048576K
Event: 312.885 GC heap after
Heap after GC invocations=68 (full 4):
 PSYoungGen      total 88064K, used 10043K [0x00000007b4000000, 0x00000007ba500000, 0x00000007c0000000)
  eden space 75776K, 0% used [0x00000007b4000000,0x00000007b4000000,0x00000007b8a00000)
  from space 12288K, 81% used [0x00000007b9700000,0x00000007ba0cee30,0x00000007ba300000)
  to   space 13312K, 0% used [0x00000007b8a00000,0x00000007b8a00000,0x00000007b9700000)
 ParOldGen       total 91648K, used 71390K [0x0000000790000000, 0x0000000795980000, 0x00000007b4000000)
  object space 91648K, 77% used [0x0000000790000000,0x00000007945b7850,0x0000000795980000)
 Metaspace       used 83972K, capacity 84656K, committed 85032K, reserved 1122304K
  class space    used 12662K, capacity 12815K, committed 12840K, reserved 1048576K
}
Event: 576.043 GC heap before
{Heap before GC invocations=69 (full 4):
 PSYoungGen      total 88064K, used 85819K [0x00000007b4000000, 0x00000007ba500000, 0x00000007c0000000)
  eden space 75776K, 100% used [0x00000007b4000000,0x00000007b8a00000,0x00000007b8a00000)
  from space 12288K, 81% used [0x00000007b9700000,0x00000007ba0cee30,0x00000007ba300000)
  to   space 13312K, 0% used [0x00000007b8a00000,0x00000007b8a00000,0x00000007b9700000)
 ParOldGen       total 91648K, used 71390K [0x0000000790000000, 0x0000000795980000, 0x00000007b4000000)
  object space 91648K, 77% used [0x0000000790000000,0x00000007945b7850,0x0000000795980000)
 Metaspace       used 85328K, capacity 86084K, committed 86568K, reserved 1122304K
  class space    used 12848K, capacity 13021K, committed 13096K, reserved 1048576K
Event: 576.063 GC heap after
Heap after GC invocations=69 (full 4):
 PSYoungGen      total 89088K, used 9201K [0x00000007b4000000, 0x00000007baa00000, 0x00000007c0000000)
  eden space 75776K, 0% used [0x00000007b4000000,0x00000007b4000000,0x00000007b8a00000)
  from space 13312K, 69% used [0x00000007b8a00000,0x00000007b92fc460,0x00000007b9700000)
  to   space 13824K, 0% used [0x00000007b9c80000,0x00000007b9c80000,0x00000007baa00000)
 ParOldGen       total 91648K, used 71398K [0x0000000790000000, 0x0000000795980000, 0x00000007b4000000)
  object space 91648K, 77% used [0x0000000790000000,0x00000007945b9850,0x0000000795980000)
 Metaspace       used 85328K, capacity 86084K, committed 86568K, reserved 1122304K
  class space    used 12848K, capacity 13021K, committed 13096K, reserved 1048576K
}
Event: 623.973 GC heap before
{Heap before GC invocations=70 (full 4):
 PSYoungGen      total 89088K, used 84977K [0x00000007b4000000, 0x00000007baa00000, 0x00000007c0000000)
  eden space 75776K, 100% used [0x00000007b4000000,0x00000007b8a00000,0x00000007b8a00000)
  from space 13312K, 69% used [0x00000007b8a00000,0x00000007b92fc460,0x00000007b9700000)
  to   space 13824K, 0% used [0x00000007b9c80000,0x00000007b9c80000,0x00000007baa00000)
 ParOldGen       total 91648K, used 71398K [0x0000000790000000, 0x0000000795980000, 0x00000007b4000000)
  object space 91648K, 77% used [0x0000000790000000,0x00000007945b9850,0x0000000795980000)
 Metaspace       used 86186K, capacity 86936K, committed 87208K, reserved 1124352K
  class space    used 12976K, capacity 13157K, committed 13224K, reserved 1048576K
Event: 623.996 GC heap after
Heap after GC invocations=70 (full 4):
 PSYoungGen      total 92672K, used 9207K [0x00000007b4000000, 0x00000007ba900000, 0x00000007c0000000)
  eden space 79872K, 0% used [0x00000007b4000000,0x00000007b4000000,0x00000007b8e00000)
  from space 12800K, 71% used [0x00000007b9c80000,0x00000007ba57dfb8,0x00000007ba900000)
  to   space 13824K, 0% used [0x00000007b8e00000,0x00000007b8e00000,0x00000007b9b80000)
 ParOldGen       total 91648K, used 71406K [0x0000000790000000, 0x0000000795980000, 0x00000007b4000000)
  object space 91648K, 77% used [0x0000000790000000,0x00000007945bb850,0x0000000795980000)
 Metaspace       used 86186K, capacity 86936K, committed 87208K, reserved 1124352K
  class space    used 12976K, capacity 13157K, committed 13224K, reserved 1048576K
}

Deoptimization events (10 events):
Event: 573.119 Thread 0x000000002b2f4000 Uncommon trap: reason=class_check action=maybe_recompile pc=0x0000000081b33d2c method=java.awt.EventQueue.uncacheEQItem(Lsun/awt/EventQueueItem;)V @ 20
Event: 576.028 Thread 0x000000002b2f4000 Uncommon trap: reason=class_check action=maybe_recompile pc=0x0000000081a1f120 method=java.awt.EventQueue.cacheEQItem(Lsun/awt/EventQueueItem;)V @ 20
Event: 601.776 Thread 0x000000003f47f800 Uncommon trap: reason=unstable_if action=reinterpret pc=0x00000000815ff504 method=java.lang.ClassLoader.checkName(Ljava/lang/String;)Z @ 1
Event: 601.777 Thread 0x000000003f47f800 Uncommon trap: reason=unstable_if action=reinterpret pc=0x00000000801aa8cc method=java.lang.ClassLoader.checkName(Ljava/lang/String;)Z @ 1
Event: 601.864 Thread 0x000000003f47f800 Uncommon trap: reason=class_check action=maybe_recompile pc=0x00000000807c71a0 method=java.util.Hashtable.containsKey(Ljava/lang/Object;)Z @ 6
Event: 601.864 Thread 0x000000003f47f800 Uncommon trap: reason=class_check action=maybe_recompile pc=0x00000000807c71a0 method=java.util.Hashtable.containsKey(Ljava/lang/Object;)Z @ 6
Event: 601.864 Thread 0x000000003f47f800 Uncommon trap: reason=class_check action=maybe_recompile pc=0x00000000807c71a0 method=java.util.Hashtable.containsKey(Ljava/lang/Object;)Z @ 6
Event: 622.680 Thread 0x000000002b2f4000 Uncommon trap: reason=bimorphic action=maybe_recompile pc=0x0000000080521c68 method=java.util.regex.Pattern$Branch.match(Ljava/util/regex/Matcher;ILjava/lang/CharSequence;)Z @ 32
Event: 625.408 Thread 0x000000002b2f4000 Uncommon trap: reason=unstable_if action=reinterpret pc=0x0000000080e37000 method=java.security.AccessControlContext.optimize()Ljava/security/AccessControlContext; @ 20
Event: 630.597 Thread 0x000000002b2f4000 Uncommon trap: reason=unstable_if action=reinterpret pc=0x00000000808f4870 method=java.security.AccessControlContext.combine([Ljava/security/ProtectionDomain;[Ljava/security/ProtectionDomain;)[Ljava/security/ProtectionDomain; @ 155

Classes redefined (0 events):
No events

Internal exceptions (10 events):
Event: 314.706 Thread 0x0000000071ccf000 Exception <a 'java/lang/InterruptedException': sleep interrupted> (0x00000007b52e83e8) thrown at [C:\re\workspace\8-2-build-windows-amd64-cygwin\jdk8u181\11358\hotspot\src\share\vm\prims\jvm.cpp, line 3225]
Event: 340.203 Thread 0x000000007cae3800 Implicit null exception at 0x0000000080875527 to 0x0000000080876d55
Event: 340.203 Thread 0x000000007cae3800 Exception <a 'java/lang/NullPointerException'> (0x00000007b653c960) thrown at [C:\re\workspace\8-2-build-windows-amd64-cygwin\jdk8u181\11358\hotspot\src\share\vm\runtime\sharedRuntime.cpp, line 605]
Event: 564.536 Thread 0x000000002b2f4000 Implicit null exception at 0x00000000818ec843 to 0x00000000818ec985
Event: 601.772 Thread 0x000000003f47f800 Exception <a 'java/lang/ClassNotFoundException': com/mathworks/hg/peer/HG2FigurePeerBeanInfo> (0x00000007b5416e28) thrown at [C:\re\workspace\8-2-build-windows-amd64-cygwin\jdk8u181\11358\hotspot\src\share\vm\classfile\systemDictionary.cpp, line 210]
Event: 601.773 Thread 0x000000003f47f800 Exception <a 'java/lang/ClassNotFoundException': com/mathworks/hg/peer/HG2FigurePeerCustomizer> (0x00000007b549a950) thrown at [C:\re\workspace\8-2-build-windows-amd64-cygwin\jdk8u181\11358\hotspot\src\share\vm\classfile\systemDictionary.cpp, line 210]
Event: 601.776 Thread 0x000000003f47f800 Implicit null exception at 0x00000000815fc149 to 0x00000000815ff4e5
Event: 601.777 Thread 0x000000003f47f800 Implicit null exception at 0x00000000801aa70c to 0x00000000801aa8bd
Event: 625.408 Thread 0x000000002b2f4000 Implicit null exception at 0x0000000080e36626 to 0x0000000080e36fe9
Event: 630.597 Thread 0x000000002b2f4000 Implicit null exception at 0x00000000808f44cb to 0x00000000808f4855

Events (10 events):
Event: 634.541 loading class com/jogamp/common/util/IntObjectHashMap$EntryCM
Event: 634.541 loading class com/jogamp/common/util/IntObjectHashMap$EntryCM done
Event: 634.541 loading class com/jogamp/common/util/IntObjectHashMap$Entry
Event: 634.541 loading class com/jogamp/common/util/IntObjectHashMap$Entry done
Event: 634.542 loading class jogamp/opengl/GLDebugMessageHandler
Event: 634.542 loading class jogamp/opengl/GLDebugMessageHandler done
Event: 634.570 loading class jogamp/opengl/ListenerSyncedImplStub
Event: 634.570 loading class jogamp/opengl/ListenerSyncedImplStub done
Event: 634.571 loading class jogamp/opengl/GLContextShareSet
Event: 634.571 loading class jogamp/opengl/GLContextShareSet done


Dynamic libraries:
0x0000000140000000 - 0x000000014002b000 	C:\Program Files\MATLAB\R2019a\bin\win64\MATLAB.exe
0x0000000077990000 - 0x0000000077b2f000 	C:\Windows\SYSTEM32\ntdll.dll
0x0000000077870000 - 0x000000007798f000 	C:\Windows\system32\kernel32.dll
0x000007fefd560000 - 0x000007fefd5c7000 	C:\Windows\system32\KERNELBASE.dll
0x00000000fa830000 - 0x00000000fac99000 	C:\Program Files\MATLAB\R2019a\bin\win64\mvm.dll
0x0000000180000000 - 0x0000000180013000 	C:\Program Files\MATLAB\R2019a\bin\win64\libmwcapabilities.dll
0x000007fef1bd0000 - 0x000007fef1c6f000 	C:\Program Files\MATLAB\R2019a\bin\win64\MSVCP140.dll
0x000007fef1cf0000 - 0x000007fef1d06000 	C:\Program Files\MATLAB\R2019a\bin\win64\VCRUNTIME140.dll
0x000007fef3f10000 - 0x000007fef3f14000 	C:\Program Files\MATLAB\R2019a\bin\win64\api-ms-win-crt-runtime-l1-1-0.dll
0x000007fef1590000 - 0x000007fef1686000 	C:\Program Files\MATLAB\R2019a\bin\win64\ucrtbase.DLL
0x000007fef3de0000 - 0x000007fef3de3000 	C:\Program Files\MATLAB\R2019a\bin\win64\api-ms-win-core-timezone-l1-1-0.dll
0x000007fef37d0000 - 0x000007fef37d3000 	C:\Program Files\MATLAB\R2019a\bin\win64\api-ms-win-core-file-l2-1-0.dll
0x000007fef37c0000 - 0x000007fef37c3000 	C:\Program Files\MATLAB\R2019a\bin\win64\api-ms-win-core-localization-l1-2-0.dll
0x000007fef1ce0000 - 0x000007fef1ce3000 	C:\Program Files\MATLAB\R2019a\bin\win64\api-ms-win-core-synch-l1-2-0.dll
0x000007fef1cd0000 - 0x000007fef1cd3000 	C:\Program Files\MATLAB\R2019a\bin\win64\api-ms-win-core-processthreads-l1-1-1.dll
0x000007fef1cc0000 - 0x000007fef1cc3000 	C:\Program Files\MATLAB\R2019a\bin\win64\api-ms-win-core-file-l1-2-0.dll
0x000007fef1cb0000 - 0x000007fef1cb4000 	C:\Program Files\MATLAB\R2019a\bin\win64\api-ms-win-crt-string-l1-1-0.dll
0x000007fef1ca0000 - 0x000007fef1ca3000 	C:\Program Files\MATLAB\R2019a\bin\win64\api-ms-win-crt-heap-l1-1-0.dll
0x000007fef1c90000 - 0x000007fef1c94000 	C:\Program Files\MATLAB\R2019a\bin\win64\api-ms-win-crt-stdio-l1-1-0.dll
0x000007fef1c80000 - 0x000007fef1c84000 	C:\Program Files\MATLAB\R2019a\bin\win64\api-ms-win-crt-convert-l1-1-0.dll
0x000007fef1c70000 - 0x000007fef1c73000 	C:\Program Files\MATLAB\R2019a\bin\win64\api-ms-win-crt-locale-l1-1-0.dll
0x000007fef1bc0000 - 0x000007fef1bc5000 	C:\Program Files\MATLAB\R2019a\bin\win64\api-ms-win-crt-math-l1-1-0.dll
0x000007fef1bb0000 - 0x000007fef1bb5000 	C:\Program Files\MATLAB\R2019a\bin\win64\api-ms-win-crt-multibyte-l1-1-0.dll
0x000007fef1ba0000 - 0x000007fef1ba3000 	C:\Program Files\MATLAB\R2019a\bin\win64\api-ms-win-crt-time-l1-1-0.dll
0x000007fef1b90000 - 0x000007fef1b93000 	C:\Program Files\MATLAB\R2019a\bin\win64\api-ms-win-crt-filesystem-l1-1-0.dll
0x000007fef1b80000 - 0x000007fef1b83000 	C:\Program Files\MATLAB\R2019a\bin\win64\api-ms-win-crt-environment-l1-1-0.dll
0x000007fef1b70000 - 0x000007fef1b73000 	C:\Program Files\MATLAB\R2019a\bin\win64\api-ms-win-crt-utility-l1-1-0.dll
0x00000000fff00000 - 0x00000001000f5000 	C:\Program Files\MATLAB\R2019a\bin\win64\libmwi18n.dll
0x00000000ffef0000 - 0x00000000ffef9000 	C:\Program Files\MATLAB\R2019a\bin\win64\libmwresource_core.dll
0x000007fef6cc0000 - 0x000007fef6ccb000 	C:\Program Files\MATLAB\R2019a\bin\win64\mwboost_system-vc141-mt-1_65_1.dll
0x00000000041e0000 - 0x00000000041f9000 	C:\Program Files\MATLAB\R2019a\bin\win64\libmwcpp11compat.dll
0x000007fef6750000 - 0x000007fef6775000 	C:\Program Files\MATLAB\R2019a\bin\win64\mwboost_filesystem-vc141-mt-1_65_1.dll
0x000007feff970000 - 0x000007feffa4b000 	C:\Windows\system32\ADVAPI32.dll
0x000007fefeb60000 - 0x000007fefebff000 	C:\Windows\system32\msvcrt.dll
0x000007feffac0000 - 0x000007feffadf000 	C:\Windows\SYSTEM32\sechost.dll
0x000007fefdca0000 - 0x000007fefddcc000 	C:\Windows\system32\RPCRT4.dll
0x000007fef66f0000 - 0x000007fef6702000 	C:\Program Files\MATLAB\R2019a\bin\win64\mwboost_date_time-vc141-mt-1_65_1.dll
0x000007fef66c0000 - 0x000007fef66e1000 	C:\Program Files\MATLAB\R2019a\bin\win64\mwboost_thread-vc141-mt-1_65_1.dll
0x000007fef3f60000 - 0x000007fef3f6c000 	C:\Program Files\MATLAB\R2019a\bin\win64\mwboost_chrono-vc141-mt-1_65_1.dll
0x000007fef3f30000 - 0x000007fef3f59000 	C:\Program Files\MATLAB\R2019a\bin\win64\LIBEXPAT.dll
0x0000000074a80000 - 0x0000000074cbc000 	C:\Program Files\MATLAB\R2019a\bin\win64\icuin61.dll
0x0000000074d80000 - 0x0000000074f00000 	C:\Program Files\MATLAB\R2019a\bin\win64\icuuc61.dll
0x000000006abf0000 - 0x000000006c595000 	C:\Program Files\MATLAB\R2019a\bin\win64\icudt61.dll
0x00000000fdd10000 - 0x00000000fe0e3000 	C:\Program Files\MATLAB\R2019a\bin\win64\libmwms.dll
0x00000000fe7f0000 - 0x00000000fea93000 	C:\Program Files\MATLAB\R2019a\bin\win64\libmwfl.dll
0x000007fef85c0000 - 0x000007fef86e5000 	C:\Windows\system32\dbghelp.dll
0x0000000077b40000 - 0x0000000077b47000 	C:\Windows\system32\PSAPI.DLL
0x000007fef14d0000 - 0x000007fef1586000 	C:\Program Files\MATLAB\R2019a\bin\win64\mwboost_log-vc141-mt-1_65_1.dll
0x000007fefd120000 - 0x000007fefd12b000 	C:\Windows\system32\Secur32.dll
0x000007fefd2f0000 - 0x000007fefd315000 	C:\Windows\system32\SSPICLI.DLL
0x000007fefec00000 - 0x000007fefec4d000 	C:\Windows\system32\WS2_32.dll
0x000007fefeed0000 - 0x000007fefeed8000 	C:\Windows\system32\NSI.dll
0x000007fef1490000 - 0x000007fef14d0000 	C:\Program Files\MATLAB\R2019a\bin\win64\mwboost_serialization-vc141-mt-1_65_1.dll
0x000007fefad80000 - 0x000007fefadac000 	C:\Windows\system32\POWRPROF.dll
0x000007fefdac0000 - 0x000007fefdc97000 	C:\Windows\system32\SETUPAPI.dll
0x000007fefd5e0000 - 0x000007fefd616000 	C:\Windows\system32\CFGMGR32.dll
0x000007feffa50000 - 0x000007feffab7000 	C:\Windows\system32\GDI32.dll
0x0000000077770000 - 0x000000007786a000 	C:\Windows\system32\USER32.dll
0x000007fefd8a0000 - 0x000007fefd8ae000 	C:\Windows\system32\LPK.dll
0x000007feffb80000 - 0x000007feffc4b000 	C:\Windows\system32\USP10.dll
0x000007fefeee0000 - 0x000007fefefbb000 	C:\Windows\system32\OLEAUT32.dll
0x000007fefec50000 - 0x000007fefee4f000 	C:\Windows\system32\ole32.dll
0x000007fefd530000 - 0x000007fefd54a000 	C:\Windows\system32\DEVOBJ.dll
0x0000000004280000 - 0x00000000042c4000 	C:\Program Files\MATLAB\R2019a\bin\win64\libmwfoundation_usm.dll
0x000007fef1440000 - 0x000007fef1484000 	C:\Program Files\MATLAB\R2019a\bin\win64\tbb.dll
0x00000000042d0000 - 0x0000000004473000 	C:\Program Files\MATLAB\R2019a\bin\win64\libmwmst.dll
0x000007fef17c0000 - 0x000007fef17d8000 	C:\Program Files\MATLAB\R2019a\bin\win64\mwboost_iostreams-vc141-mt-1_65_1.dll
0x0000000075040000 - 0x000000007505a000 	C:\Program Files\MATLAB\R2019a\bin\win64\zlib1.dll
0x000007feeded0000 - 0x000007feedff2000 	C:\Program Files\MATLAB\R2019a\bin\win64\mwboost_regex-vc141-mt-1_65_1.dll
0x000007fefcc60000 - 0x000007fefccb5000 	C:\Windows\system32\MSWSOCK.dll
0x00000000044a0000 - 0x0000000004580000 	C:\Program Files\MATLAB\R2019a\bin\win64\libut.dll
0x0000000075080000 - 0x0000000075091000 	C:\Program Files\MATLAB\R2019a\bin\win64\icuio61.dll
0x0000000004590000 - 0x0000000004710000 	C:\Program Files\MATLAB\R2019a\bin\win64\libmx.dll
0x0000000004710000 - 0x0000000004738000 	C:\Program Files\MATLAB\R2019a\bin\win64\libmwmfl_permute.dll
0x0000000004740000 - 0x0000000004751000 	C:\Program Files\MATLAB\R2019a\bin\win64\libmwindexingapimethods.dll
0x000007fef13f0000 - 0x000007fef1434000 	C:\Program Files\MATLAB\R2019a\bin\win64\tbbmalloc.dll
0x0000000004760000 - 0x0000000004f81000 	C:\Program Files\MATLAB\R2019a\bin\win64\mlutil.dll
0x0000000004f90000 - 0x0000000004ff5000 	C:\Program Files\MATLAB\R2019a\bin\win64\libmwcppmicroservices.dll
0x0000000005000000 - 0x000000000511b000 	C:\Program Files\MATLAB\R2019a\bin\win64\CppMicroServices3.dll
0x000007fefee50000 - 0x000007fefeec1000 	C:\Windows\system32\SHLWAPI.dll
0x000007fefd7b0000 - 0x000007fefd7eb000 	C:\Windows\system32\WINTRUST.dll
0x000007fefd630000 - 0x000007fefd79d000 	C:\Windows\system32\CRYPT32.dll
0x000007fefd4f0000 - 0x000007fefd4ff000 	C:\Windows\system32\MSASN1.dll
0x0000000005130000 - 0x00000000052e0000 	C:\Program Files\MATLAB\R2019a\bin\win64\libmwfoundation_matlabdata.dll
0x00000000052e0000 - 0x00000000052f8000 	C:\Program Files\MATLAB\R2019a\bin\win64\libmwstartupplugin.dll
0x0000000005300000 - 0x00000000053ef000 	C:\Program Files\MATLAB\R2019a\bin\win64\libmwstartup_plugin_initializer.dll
0x00000000053f0000 - 0x00000000053fd000 	C:\Program Files\MATLAB\R2019a\bin\win64\libmvmtransportapi.dll
0x0000000005400000 - 0x0000000005565000 	C:\Program Files\MATLAB\R2019a\bin\win64\matlab_toolbox_events.dll
0x0000000005570000 - 0x00000000057b9000 	C:\Program Files\MATLAB\R2019a\bin\win64\execution_events.dll
0x00000000057c0000 - 0x0000000005c1f000 	C:\Program Files\MATLAB\R2019a\bin\win64\libmwservices.dll
0x0000000005c20000 - 0x0000000005c79000 	C:\Program Files\MATLAB\R2019a\bin\win64\libmwlivecode.dll
0x00000000fd2c0000 - 0x00000000fd346000 	C:\Program Files\MATLAB\R2019a\bin\win64\opccore.dll
0x0000000005c80000 - 0x0000000005e1b000 	C:\Program Files\MATLAB\R2019a\bin\win64\libmwflstoragevfs.dll
0x0000000005e20000 - 0x000000000608e000 	C:\Program Files\MATLAB\R2019a\bin\win64\libmwflnetwork.dll
0x0000000006090000 - 0x00000000061a4000 	C:\Program Files\MATLAB\R2019a\bin\win64\libmwflstorageprovider.dll
0x00000000061b0000 - 0x00000000061cf000 	C:\Program Files\MATLAB\R2019a\bin\win64\libmwflstorageevents.dll
0x00000000061d0000 - 0x0000000006382000 	C:\Program Files\MATLAB\R2019a\bin\win64\opcmodel.dll
0x0000000006390000 - 0x00000000063d5000 	C:\Program Files\MATLAB\R2019a\bin\win64\libmwflcrypto.dll
0x00000000063e0000 - 0x00000000063fb000 	C:\Program Files\MATLAB\R2019a\bin\win64\libmwflcryptoutils.dll
0x0000000006400000 - 0x00000000065f3000 	C:\Program Files\MATLAB\R2019a\bin\win64\libmwflcryptocryptopp.dll
0x0000000006600000 - 0x0000000006640000 	C:\Program Files\MATLAB\R2019a\bin\win64\libmwflcertificates.dll
0x000007feedd20000 - 0x000007feedec5000 	C:\Program Files\MATLAB\R2019a\bin\win64\LIBEAY32.dll
0x000007fef3f70000 - 0x000007fef3f73000 	C:\Program Files\MATLAB\R2019a\bin\win64\api-ms-win-crt-conio-l1-1-0.dll
0x000007fef1390000 - 0x000007fef13eb000 	C:\Program Files\MATLAB\R2019a\bin\win64\SSLEAY32.dll
0x0000000012000000 - 0x000000001225f000 	C:\Program Files\MATLAB\R2019a\bin\win64\xerces-c_3_1.dll
0x00000000fd1b0000 - 0x00000000fd1e7000 	C:\Program Files\MATLAB\R2019a\bin\win64\opczippackage.dll
0x0000000075060000 - 0x0000000075072000 	C:\Program Files\MATLAB\R2019a\bin\win64\libminizip.dll
0x0000000006650000 - 0x00000000066e0000 	C:\Program Files\MATLAB\R2019a\bin\win64\opcmwservices.dll
0x00000000066e0000 - 0x0000000006765000 	C:\Program Files\MATLAB\R2019a\bin\win64\libmwregexp.dll
0x000007fef1100000 - 0x000007fef1176000 	C:\Program Files\MATLAB\R2019a\bin\win64\mwboost_program_options-vc141-mt-1_65_1.dll
0x0000000006780000 - 0x00000000067d3000 	C:\Program Files\MATLAB\R2019a\bin\win64\libmwsearch_path_utilities.dll
0x00000000067e0000 - 0x00000000067fa000 	C:\Program Files\MATLAB\R2019a\bin\win64\libmwsearch_path_interfaces.dll
0x0000000006800000 - 0x000000000680e000 	C:\Program Files\MATLAB\R2019a\bin\win64\libmwmatlabstoragesystem.dll
0x0000000006810000 - 0x00000000068b3000 	C:\Program Files\MATLAB\R2019a\bin\win64\libmwstoragefilefolderobserver.dll
0x00000000068c0000 - 0x0000000006925000 	C:\Program Files\MATLAB\R2019a\bin\win64\libmwcwf_interface.dll
0x0000000006930000 - 0x000000000693e000 	C:\Program Files\MATLAB\R2019a\bin\win64\libmwflstorageutility.dll
0x0000000006940000 - 0x0000000006a04000 	C:\Program Files\MATLAB\R2019a\bin\win64\libmwstoragecloudprovider.dll
0x0000000006a10000 - 0x0000000006f73000 	C:\Program Files\MATLAB\R2019a\bin\win64\settingscore.dll
0x00000000fd590000 - 0x00000000fd60e000 	C:\Program Files\MATLAB\R2019a\bin\win64\xmlcore.dll
0x0000000006f80000 - 0x000000000706e000 	C:\Program Files\MATLAB\R2019a\bin\win64\libmwfoundation_matlabdata_standalone.dll
0x0000000007070000 - 0x000000000716f000 	C:\Program Files\MATLAB\R2019a\bin\win64\libmwfoundation_matlabdata_json.dll
0x0000000007170000 - 0x00000000071bd000 	C:\Program Files\MATLAB\R2019a\bin\win64\libmwfoundation_json.dll
0x00000000071c0000 - 0x00000000071d6000 	C:\Program Files\MATLAB\R2019a\bin\win64\libmwdtoa.dll
0x00000000071e0000 - 0x00000000071ee000 	C:\Program Files\MATLAB\R2019a\bin\win64\libmwfoundation_matlabjson_frontend.dll
0x00000000071f0000 - 0x0000000007219000 	C:\Program Files\MATLAB\R2019a\bin\win64\libmwnativedialogs.dll
0x000007fefddd0000 - 0x000007fefeb5b000 	C:\Windows\system32\SHELL32.dll
0x0000000007220000 - 0x000000000725d000 	C:\Program Files\MATLAB\R2019a\bin\win64\string_matrix.dll
0x0000000007260000 - 0x00000000072e0000 	C:\Program Files\MATLAB\R2019a\bin\win64\mcos.dll

VM Arguments:
jvm_args: -Xms64m -XX:NewRatio=3 -Xmx768m -XX:MaxDirectMemorySize=2147400000 -Dsun.java2d.noddraw=true -Dsun.awt.nopixfmt=true -Xshare:off -Djava.ext.dirs=C:\Program Files\MATLAB\R2019a\sys\java\jre\win64\jre\lib\ext -Djogamp.gluegen.UseTempJarCache=false -Djogl.disable.opengles=1 -Djogl.windows.cpu_affinity_mode=0 -Xrs -Djava.library.path=C:\Program Files\MATLAB\R2019a\bin\win64;C:\Program Files\MATLAB\R2019a\sys\jxbrowser\win64\lib vfprintf -XX:ErrorFile=C:\Users\Pippo\AppData\Local\Temp\hs_error_pid3436.log abort -Duser.language=it -Duser.country=IT -Dfile.encoding=Cp1252 
java_command: <unknown>
java_class_path (initial): C:\Program Files\MATLAB\R2019a\java\patch;C:\Program Files\MATLAB\R2019a\java\jar\jmi.jar;C:\Program Files\MATLAB\R2019a\java\jar\util.jar;C:\Program Files\MATLAB\R2019a\java\jar\mvm.jar;C:\Program Files\MATLAB\R2019a\java\jar\services.jar;C:\Program Files\MATLAB\R2019a\java\jarext\commons-io.jar;C:\Program Files\MATLAB\R2019a\java\jar\cfbutils.jar;C:\Program Files\MATLAB\R2019a\java\jar\capabilities.jar;C:\Program Files\MATLAB\R2019a\java\jar\mlwidgets.jar;C:\Program Files\MATLAB\R2019a\java\jar\html.jar;C:\Program Files\MATLAB\R2019a\java\jar\net.jar;C:\Program Files\MATLAB\R2019a\java\jar\ddux_api.jar;C:\Program Files\MATLAB\R2019a\java\jarext\webservices\udc_client\udc_client.jar;C:\Program Files\MATLAB\R2019a\java\jarext\log4j.jar;C:\Program Files\MATLAB\R2019a\java\jar\mwswing.jar;C:\Program Files\MATLAB\R2019a\java\jar\common.jar;C:\Program Files\MATLAB\R2019a\java\jarext\google-collect.jar;C:\Program Files\MATLAB\R2019a\java\jarext\commons-lang.jar;C:\Program Files\MATLAB\R2019a\java\jarext\jide\jide-common.jar;C:\Program Files\MATLAB\R2019a\java\jarext\jide\jide-dock.jar;C:\Program Files\MATLAB\R2019a\java\jarext\jide\jide-action.jar;C:\Program Files\MATLAB\R2019a\java\jarext\jide\jide-components.jar;C:\Program Files\MATLAB\R2019a\java\jarext\jide\jide-grids.jar;C:\Program Files\MATLAB\R2019a\java\jarext\jide\jide-dialogs.jar;C:\Program Files\MATLAB\R2019a\java\jarext\jide\jide-shortcut.jar;C:\Program Files\MATLAB\R2019a\java\jarext\jide\jide-charts.jar;C:\Program Files\MATLAB\R2019a\java\jar\toolstrip.jar;C:\Program Files\MATLAB\R2019a\java\jar\mlservices.jar;C:\Program Files\MATLAB\R2019a\java\jar\widgets.jar;C:\Program Files\MATLAB\R2019a\java\jar\mde.jar;C:\Program Files\MATLAB\R2019a\java\jar\explorer.jar;C:\Program Files\MATLAB\R2019a\java\jar\desktop.jar;C:\Program Files\MATLAB\R2019a\java\jar\explorer_api.jar;C:\Program Files\MATLAB\R2019a\java\jar\addons.jar;C:\Program Files\MATLAB\R2019a\java\jar\addons_common.jar;C:\P
Launcher Type: generic

Environment Variables:
PATH=C:\ProgramData\Oracle\Java\javapath;C:\Windows\system32;C:\Windows;C:\Windows\System32\Wbem;C:\Windows\System32\WindowsPowerShell\v1.0\;C:\Program Files (x86)\EgisTec MyWinLocker\x86;C:\Program Files (x86)\EgisTec MyWinLocker\x64;C:\Program Files\MATLAB\R2019a\bin;C:\Program Files\MiKTeX 2.9\miktex\bin\x64\;C:\Program Files\Microsoft SQL Server\130\Tools\Binn\;C:\Users\Pippo\AppData\Local\Programs\Python\Python35-32\Scripts\;C:\Users\Pippo\AppData\Local\Programs\Python\Python35-32\;C:\Users\Pippo\AppData\Local\atom\bin;C:\Users\Pippo\AppData\Local\Eurobet Poker New Client\data\QT;C:\Users\Pippo\AppData\Local\Eurobet Poker New Client\data\OpenSSL;C:\Program Files\CMake\bin
USERNAME=Pippo
OS=Windows_NT
PROCESSOR_IDENTIFIER=Intel64 Family 6 Model 37 Stepping 5, GenuineIntel



---------------  S Y S T E M  ---------------

OS: Windows 7 , 64 bit Build 7601 (6.1.7601.24499)

CPU:total 4 (initial active 4) (2 cores per cpu, 2 threads per core) family 6 model 37 stepping 5, cmov, cx8, fxsr, mmx, sse, sse2, sse3, ssse3, sse4.1, sse4.2, popcnt, ht, tsc, tscinvbit

Memory: 4k page, physical 4053720k(869220k free), swap 8105540k(5205384k free)

vm_info: Java HotSpot(TM) 64-Bit Server VM (25.181-b13) for windows-amd64 JRE (1.8.0_181-b13), built on Jul  7 2018 04:01:33 by "java_re" with MS VC++ 10.0 (VS2010)

time: Sun Sep 15 15:15:41 2019
elapsed time: 637 seconds (0d 0h 10m 37s)

